%このファイルは日本語文字を含みます.
\BOOKMARK [0][-]{chapter.1}{まえがき}{}% 1
\BOOKMARK [0][-]{chapter.2}{対話システムにおける対話状態追跡}{}% 2
\BOOKMARK [1][-]{section.2.1}{タスク指向型対話システム}{chapter.2}% 3
\BOOKMARK [1][-]{section.2.2}{対話状態追跡}{chapter.2}% 4
\BOOKMARK [1][-]{section.2.3}{ルールベースの対話状態追跡}{chapter.2}% 5
\BOOKMARK [1][-]{section.2.4}{統計的機械学習による対話状態追跡}{chapter.2}% 6
\BOOKMARK [1][-]{section.2.5}{深層学習による対話状態追跡}{chapter.2}% 7
\BOOKMARK [1][-]{section.2.6}{Dialogue System Technology Challenge 8}{chapter.2}% 8
\BOOKMARK [0][-]{chapter.3}{BERTに基づく対話状態追跡}{}% 9
\BOOKMARK [1][-]{section.3.1}{BERT とは}{chapter.3}% 10
\BOOKMARK [1][-]{section.3.2}{BERTに基づく対話状態追跡}{chapter.3}% 11
\BOOKMARK [2][-]{subsection.3.2.1}{スキーマ埋め込みモジュール}{section.3.2}% 12
\BOOKMARK [2][-]{subsection.3.2.2}{状態更新モジュール}{section.3.2}% 13
\BOOKMARK [0][-]{chapter.4}{対話行為タグを用いた重要対話履歴抽出}{}% 14
\BOOKMARK [1][-]{section.4.1}{対話行為}{chapter.4}% 15
\BOOKMARK [1][-]{section.4.2}{対話行為タグを用いた重要対話履歴抽出}{chapter.4}% 16
\BOOKMARK [0][-]{chapter.5}{対話状態追跡における各対話行為の重要性調査}{}% 17
\BOOKMARK [1][-]{section.5.1}{データセット}{chapter.5}% 18
\BOOKMARK [1][-]{section.5.2}{実験手法}{chapter.5}% 19
\BOOKMARK [1][-]{section.5.3}{調査結果}{chapter.5}% 20
\BOOKMARK [0][-]{chapter.6}{評価実験}{}% 21
\BOOKMARK [1][-]{section.6.1}{実験条件}{chapter.6}% 22
\BOOKMARK [1][-]{section.6.2}{評価指標}{chapter.6}% 23
\BOOKMARK [1][-]{section.6.3}{実験結果}{chapter.6}% 24
\BOOKMARK [0][-]{chapter.7}{むすび}{}% 25
\BOOKMARK [0][-]{chapter*.4}{謝辞}{}% 26
\BOOKMARK [0][-]{chapter*.6}{付録}{}% 27
\BOOKMARK [1][-]{section.7.1}{各サービスのスキーマ}{chapter*.6}% 28
